{"D:\\studyTekup\\node\\recouvra-plus-api\\src\\app.js": {"path":"D:\\studyTekup\\node\\recouvra-plus-api\\src\\app.js","statementMap":{"0":{"start":{"line":10,"column":0},"end":{"line":10,"column":16}},"1":{"start":{"line":12,"column":12},"end":{"line":12,"column":21}},"2":{"start":{"line":15,"column":0},"end":{"line":15,"column":16}},"3":{"start":{"line":16,"column":0},"end":{"line":16,"column":24}},"4":{"start":{"line":18,"column":0},"end":{"line":26,"column":2}},"5":{"start":{"line":27,"column":0},"end":{"line":27,"column":33}},"6":{"start":{"line":28,"column":0},"end":{"line":28,"column":34}},"7":{"start":{"line":29,"column":0},"end":{"line":29,"column":38}},"8":{"start":{"line":33,"column":0},"end":{"line":35,"column":3}},"9":{"start":{"line":34,"column":2},"end":{"line":34,"column":42}},"10":{"start":{"line":37,"column":0},"end":{"line":37,"column":18}},"11":{"start":{"line":38,"column":0},"end":{"line":38,"column":22}}},"fnMap":{"0":{"name":"(anonymous_0)","decl":{"start":{"line":33,"column":13},"end":{"line":33,"column":14}},"loc":{"start":{"line":33,"column":27},"end":{"line":35,"column":1}},"line":33}},"branchMap":{},"s":{"0":0,"1":0,"2":0,"3":0,"4":0,"5":0,"6":0,"7":0,"8":0,"9":0,"10":0,"11":0},"f":{"0":0},"b":{},"inputSourceMap":null}
,"D:\\studyTekup\\node\\recouvra-plus-api\\src\\controllers\\auth.controller.js": {"path":"D:\\studyTekup\\node\\recouvra-plus-api\\src\\controllers\\auth.controller.js","statementMap":{"0":{"start":{"line":4,"column":24},"end":{"line":42,"column":1}},"1":{"start":{"line":5,"column":2},"end":{"line":41,"column":3}},"2":{"start":{"line":6,"column":44},"end":{"line":6,"column":52}},"3":{"start":{"line":8,"column":4},"end":{"line":12,"column":5}},"4":{"start":{"line":9,"column":6},"end":{"line":11,"column":69}},"5":{"start":{"line":14,"column":25},"end":{"line":14,"column":75}},"6":{"start":{"line":16,"column":4},"end":{"line":18,"column":5}},"7":{"start":{"line":17,"column":6},"end":{"line":17,"column":71}},"8":{"start":{"line":20,"column":17},"end":{"line":25,"column":6}},"9":{"start":{"line":27,"column":18},"end":{"line":27,"column":37}},"10":{"start":{"line":29,"column":4},"end":{"line":38,"column":7}},"11":{"start":{"line":40,"column":4},"end":{"line":40,"column":16}},"12":{"start":{"line":44,"column":21},"end":{"line":81,"column":1}},"13":{"start":{"line":45,"column":2},"end":{"line":80,"column":3}},"14":{"start":{"line":46,"column":32},"end":{"line":46,"column":40}},"15":{"start":{"line":48,"column":4},"end":{"line":50,"column":5}},"16":{"start":{"line":49,"column":6},"end":{"line":49,"column":82}},"17":{"start":{"line":52,"column":17},"end":{"line":54,"column":5}},"18":{"start":{"line":56,"column":4},"end":{"line":58,"column":5}},"19":{"start":{"line":57,"column":6},"end":{"line":57,"column":76}},"20":{"start":{"line":60,"column":20},"end":{"line":60,"column":56}},"21":{"start":{"line":62,"column":4},"end":{"line":64,"column":5}},"22":{"start":{"line":63,"column":6},"end":{"line":63,"column":76}},"23":{"start":{"line":66,"column":18},"end":{"line":66,"column":37}},"24":{"start":{"line":68,"column":4},"end":{"line":77,"column":7}},"25":{"start":{"line":79,"column":4},"end":{"line":79,"column":16}},"26":{"start":{"line":83,"column":30},"end":{"line":91,"column":1}},"27":{"start":{"line":84,"column":2},"end":{"line":90,"column":3}},"28":{"start":{"line":85,"column":4},"end":{"line":87,"column":7}},"29":{"start":{"line":89,"column":4},"end":{"line":89,"column":16}}},"fnMap":{"0":{"name":"(anonymous_0)","decl":{"start":{"line":4,"column":24},"end":{"line":4,"column":25}},"loc":{"start":{"line":4,"column":50},"end":{"line":42,"column":1}},"line":4},"1":{"name":"(anonymous_1)","decl":{"start":{"line":44,"column":21},"end":{"line":44,"column":22}},"loc":{"start":{"line":44,"column":47},"end":{"line":81,"column":1}},"line":44},"2":{"name":"(anonymous_2)","decl":{"start":{"line":83,"column":30},"end":{"line":83,"column":31}},"loc":{"start":{"line":83,"column":56},"end":{"line":91,"column":1}},"line":83}},"branchMap":{"0":{"loc":{"start":{"line":8,"column":4},"end":{"line":12,"column":5}},"type":"if","locations":[{"start":{"line":8,"column":4},"end":{"line":12,"column":5}},{"start":{},"end":{}}],"line":8},"1":{"loc":{"start":{"line":8,"column":8},"end":{"line":8,"column":45}},"type":"binary-expr","locations":[{"start":{"line":8,"column":8},"end":{"line":8,"column":13}},{"start":{"line":8,"column":17},"end":{"line":8,"column":23}},{"start":{"line":8,"column":27},"end":{"line":8,"column":36}},{"start":{"line":8,"column":40},"end":{"line":8,"column":45}}],"line":8},"2":{"loc":{"start":{"line":16,"column":4},"end":{"line":18,"column":5}},"type":"if","locations":[{"start":{"line":16,"column":4},"end":{"line":18,"column":5}},{"start":{},"end":{}}],"line":16},"3":{"loc":{"start":{"line":48,"column":4},"end":{"line":50,"column":5}},"type":"if","locations":[{"start":{"line":48,"column":4},"end":{"line":50,"column":5}},{"start":{},"end":{}}],"line":48},"4":{"loc":{"start":{"line":48,"column":8},"end":{"line":48,"column":27}},"type":"binary-expr","locations":[{"start":{"line":48,"column":8},"end":{"line":48,"column":14}},{"start":{"line":48,"column":18},"end":{"line":48,"column":27}}],"line":48},"5":{"loc":{"start":{"line":56,"column":4},"end":{"line":58,"column":5}},"type":"if","locations":[{"start":{"line":56,"column":4},"end":{"line":58,"column":5}},{"start":{},"end":{}}],"line":56},"6":{"loc":{"start":{"line":62,"column":4},"end":{"line":64,"column":5}},"type":"if","locations":[{"start":{"line":62,"column":4},"end":{"line":64,"column":5}},{"start":{},"end":{}}],"line":62}},"s":{"0":0,"1":0,"2":0,"3":0,"4":0,"5":0,"6":0,"7":0,"8":0,"9":0,"10":0,"11":0,"12":0,"13":0,"14":0,"15":0,"16":0,"17":0,"18":0,"19":0,"20":0,"21":0,"22":0,"23":0,"24":0,"25":0,"26":0,"27":0,"28":0,"29":0},"f":{"0":0,"1":0,"2":0},"b":{"0":[0,0],"1":[0,0,0,0],"2":[0,0],"3":[0,0],"4":[0,0],"5":[0,0],"6":[0,0]},"inputSourceMap":null}
,"D:\\studyTekup\\node\\recouvra-plus-api\\src\\controllers\\client.controller.js": {"path":"D:\\studyTekup\\node\\recouvra-plus-api\\src\\controllers\\client.controller.js","statementMap":{"0":{"start":{"line":9,"column":28},"end":{"line":56,"column":1}},"1":{"start":{"line":10,"column":2},"end":{"line":55,"column":3}},"2":{"start":{"line":11,"column":62},"end":{"line":11,"column":70}},"3":{"start":{"line":14,"column":4},"end":{"line":18,"column":5}},"4":{"start":{"line":15,"column":6},"end":{"line":17,"column":66}},"5":{"start":{"line":21,"column":27},"end":{"line":21,"column":79}},"6":{"start":{"line":22,"column":4},"end":{"line":26,"column":5}},"7":{"start":{"line":23,"column":6},"end":{"line":25,"column":70}},"8":{"start":{"line":29,"column":26},"end":{"line":29,"column":57}},"9":{"start":{"line":30,"column":4},"end":{"line":34,"column":5}},"10":{"start":{"line":31,"column":6},"end":{"line":33,"column":77}},"11":{"start":{"line":36,"column":19},"end":{"line":44,"column":6}},"12":{"start":{"line":47,"column":4},"end":{"line":47,"column":58}},"13":{"start":{"line":49,"column":4},"end":{"line":52,"column":7}},"14":{"start":{"line":54,"column":4},"end":{"line":54,"column":16}},"15":{"start":{"line":63,"column":26},"end":{"line":107,"column":1}},"16":{"start":{"line":64,"column":2},"end":{"line":106,"column":3}},"17":{"start":{"line":66,"column":6},"end":{"line":66,"column":15}},"18":{"start":{"line":67,"column":17},"end":{"line":67,"column":55}},"19":{"start":{"line":69,"column":16},"end":{"line":69,"column":18}},"20":{"start":{"line":72,"column":4},"end":{"line":74,"column":5}},"21":{"start":{"line":73,"column":6},"end":{"line":73,"column":28}},"22":{"start":{"line":77,"column":4},"end":{"line":83,"column":5}},"23":{"start":{"line":78,"column":6},"end":{"line":82,"column":8}},"24":{"start":{"line":86,"column":18},"end":{"line":86,"column":52}},"25":{"start":{"line":88,"column":20},"end":{"line":93,"column":29}},"26":{"start":{"line":95,"column":4},"end":{"line":103,"column":7}},"27":{"start":{"line":105,"column":4},"end":{"line":105,"column":16}},"28":{"start":{"line":114,"column":29},"end":{"line":129,"column":1}},"29":{"start":{"line":115,"column":2},"end":{"line":128,"column":3}},"30":{"start":{"line":116,"column":19},"end":{"line":119,"column":27}},"31":{"start":{"line":121,"column":4},"end":{"line":123,"column":5}},"32":{"start":{"line":122,"column":6},"end":{"line":122,"column":67}},"33":{"start":{"line":125,"column":4},"end":{"line":125,"column":44}},"34":{"start":{"line":127,"column":4},"end":{"line":127,"column":16}},"35":{"start":{"line":136,"column":28},"end":{"line":197,"column":1}},"36":{"start":{"line":137,"column":2},"end":{"line":196,"column":3}},"37":{"start":{"line":138,"column":70},"end":{"line":138,"column":78}},"38":{"start":{"line":140,"column":17},"end":{"line":140,"column":53}},"39":{"start":{"line":142,"column":4},"end":{"line":144,"column":5}},"40":{"start":{"line":143,"column":6},"end":{"line":143,"column":67}},"41":{"start":{"line":147,"column":4},"end":{"line":157,"column":5}},"42":{"start":{"line":148,"column":29},"end":{"line":150,"column":8}},"43":{"start":{"line":151,"column":6},"end":{"line":155,"column":7}},"44":{"start":{"line":152,"column":8},"end":{"line":154,"column":72}},"45":{"start":{"line":156,"column":6},"end":{"line":156,"column":41}},"46":{"start":{"line":160,"column":4},"end":{"line":168,"column":5}},"47":{"start":{"line":161,"column":28},"end":{"line":161,"column":59}},"48":{"start":{"line":162,"column":6},"end":{"line":166,"column":7}},"49":{"start":{"line":163,"column":8},"end":{"line":165,"column":79}},"50":{"start":{"line":167,"column":6},"end":{"line":167,"column":27}},"51":{"start":{"line":171,"column":4},"end":{"line":171,"column":33}},"52":{"start":{"line":171,"column":14},"end":{"line":171,"column":33}},"53":{"start":{"line":172,"column":4},"end":{"line":172,"column":50}},"54":{"start":{"line":172,"column":29},"end":{"line":172,"column":50}},"55":{"start":{"line":173,"column":4},"end":{"line":173,"column":62}},"56":{"start":{"line":173,"column":33},"end":{"line":173,"column":62}},"57":{"start":{"line":174,"column":4},"end":{"line":176,"column":5}},"58":{"start":{"line":175,"column":6},"end":{"line":175,"column":29}},"59":{"start":{"line":177,"column":4},"end":{"line":179,"column":5}},"60":{"start":{"line":178,"column":6},"end":{"line":178,"column":57}},"61":{"start":{"line":182,"column":4},"end":{"line":182,"column":36}},"62":{"start":{"line":184,"column":4},"end":{"line":184,"column":24}},"63":{"start":{"line":187,"column":4},"end":{"line":187,"column":58}},"64":{"start":{"line":188,"column":4},"end":{"line":188,"column":58}},"65":{"start":{"line":190,"column":4},"end":{"line":193,"column":7}},"66":{"start":{"line":195,"column":4},"end":{"line":195,"column":16}},"67":{"start":{"line":204,"column":28},"end":{"line":224,"column":1}},"68":{"start":{"line":205,"column":2},"end":{"line":223,"column":3}},"69":{"start":{"line":206,"column":19},"end":{"line":206,"column":55}},"70":{"start":{"line":208,"column":4},"end":{"line":210,"column":5}},"71":{"start":{"line":209,"column":6},"end":{"line":209,"column":67}},"72":{"start":{"line":213,"column":4},"end":{"line":213,"column":31}},"73":{"start":{"line":214,"column":4},"end":{"line":214,"column":36}},"74":{"start":{"line":215,"column":4},"end":{"line":215,"column":24}},"75":{"start":{"line":217,"column":4},"end":{"line":220,"column":7}},"76":{"start":{"line":222,"column":4},"end":{"line":222,"column":16}},"77":{"start":{"line":231,"column":39},"end":{"line":245,"column":1}},"78":{"start":{"line":232,"column":2},"end":{"line":244,"column":3}},"79":{"start":{"line":233,"column":19},"end":{"line":233,"column":64}},"80":{"start":{"line":235,"column":4},"end":{"line":237,"column":5}},"81":{"start":{"line":236,"column":6},"end":{"line":236,"column":67}},"82":{"start":{"line":239,"column":4},"end":{"line":241,"column":7}},"83":{"start":{"line":243,"column":4},"end":{"line":243,"column":16}},"84":{"start":{"line":252,"column":29},"end":{"line":294,"column":1}},"85":{"start":{"line":253,"column":2},"end":{"line":293,"column":3}},"86":{"start":{"line":254,"column":71},"end":{"line":254,"column":80}},"87":{"start":{"line":256,"column":17},"end":{"line":256,"column":19}},"88":{"start":{"line":258,"column":4},"end":{"line":260,"column":5}},"89":{"start":{"line":259,"column":6},"end":{"line":259,"column":29}},"90":{"start":{"line":262,"column":4},"end":{"line":264,"column":5}},"91":{"start":{"line":263,"column":6},"end":{"line":263,"column":55}},"92":{"start":{"line":266,"column":4},"end":{"line":271,"column":5}},"93":{"start":{"line":267,"column":6},"end":{"line":270,"column":8}},"94":{"start":{"line":274,"column":4},"end":{"line":280,"column":5}},"95":{"start":{"line":275,"column":6},"end":{"line":279,"column":8}},"96":{"start":{"line":282,"column":20},"end":{"line":285,"column":19}},"97":{"start":{"line":287,"column":4},"end":{"line":290,"column":7}},"98":{"start":{"line":292,"column":4},"end":{"line":292,"column":16}}},"fnMap":{"0":{"name":"(anonymous_0)","decl":{"start":{"line":9,"column":28},"end":{"line":9,"column":29}},"loc":{"start":{"line":9,"column":54},"end":{"line":56,"column":1}},"line":9},"1":{"name":"(anonymous_1)","decl":{"start":{"line":63,"column":26},"end":{"line":63,"column":27}},"loc":{"start":{"line":63,"column":52},"end":{"line":107,"column":1}},"line":63},"2":{"name":"(anonymous_2)","decl":{"start":{"line":114,"column":29},"end":{"line":114,"column":30}},"loc":{"start":{"line":114,"column":55},"end":{"line":129,"column":1}},"line":114},"3":{"name":"(anonymous_3)","decl":{"start":{"line":136,"column":28},"end":{"line":136,"column":29}},"loc":{"start":{"line":136,"column":54},"end":{"line":197,"column":1}},"line":136},"4":{"name":"(anonymous_4)","decl":{"start":{"line":204,"column":28},"end":{"line":204,"column":29}},"loc":{"start":{"line":204,"column":54},"end":{"line":224,"column":1}},"line":204},"5":{"name":"(anonymous_5)","decl":{"start":{"line":231,"column":39},"end":{"line":231,"column":40}},"loc":{"start":{"line":231,"column":65},"end":{"line":245,"column":1}},"line":231},"6":{"name":"(anonymous_6)","decl":{"start":{"line":252,"column":29},"end":{"line":252,"column":30}},"loc":{"start":{"line":252,"column":55},"end":{"line":294,"column":1}},"line":252}},"branchMap":{"0":{"loc":{"start":{"line":14,"column":4},"end":{"line":18,"column":5}},"type":"if","locations":[{"start":{"line":14,"column":4},"end":{"line":18,"column":5}},{"start":{},"end":{}}],"line":14},"1":{"loc":{"start":{"line":14,"column":8},"end":{"line":14,"column":33}},"type":"binary-expr","locations":[{"start":{"line":14,"column":8},"end":{"line":14,"column":13}},{"start":{"line":14,"column":17},"end":{"line":14,"column":23}},{"start":{"line":14,"column":27},"end":{"line":14,"column":33}}],"line":14},"2":{"loc":{"start":{"line":22,"column":4},"end":{"line":26,"column":5}},"type":"if","locations":[{"start":{"line":22,"column":4},"end":{"line":26,"column":5}},{"start":{},"end":{}}],"line":22},"3":{"loc":{"start":{"line":30,"column":4},"end":{"line":34,"column":5}},"type":"if","locations":[{"start":{"line":30,"column":4},"end":{"line":34,"column":5}},{"start":{},"end":{}}],"line":30},"4":{"loc":{"start":{"line":40,"column":15},"end":{"line":40,"column":28}},"type":"binary-expr","locations":[{"start":{"line":40,"column":15},"end":{"line":40,"column":22}},{"start":{"line":40,"column":26},"end":{"line":40,"column":28}}],"line":40},"5":{"loc":{"start":{"line":42,"column":17},"end":{"line":42,"column":31}},"type":"binary-expr","locations":[{"start":{"line":42,"column":17},"end":{"line":42,"column":26}},{"start":{"line":42,"column":30},"end":{"line":42,"column":31}}],"line":42},"6":{"loc":{"start":{"line":65,"column":12},"end":{"line":65,"column":20}},"type":"default-arg","locations":[{"start":{"line":65,"column":19},"end":{"line":65,"column":20}}],"line":65},"7":{"loc":{"start":{"line":65,"column":22},"end":{"line":65,"column":32}},"type":"default-arg","locations":[{"start":{"line":65,"column":30},"end":{"line":65,"column":32}}],"line":65},"8":{"loc":{"start":{"line":65,"column":50},"end":{"line":65,"column":71}},"type":"default-arg","locations":[{"start":{"line":65,"column":59},"end":{"line":65,"column":71}}],"line":65},"9":{"loc":{"start":{"line":72,"column":4},"end":{"line":74,"column":5}},"type":"if","locations":[{"start":{"line":72,"column":4},"end":{"line":74,"column":5}},{"start":{},"end":{}}],"line":72},"10":{"loc":{"start":{"line":72,"column":8},"end":{"line":72,"column":57}},"type":"binary-expr","locations":[{"start":{"line":72,"column":8},"end":{"line":72,"column":14}},{"start":{"line":72,"column":18},"end":{"line":72,"column":57}}],"line":72},"11":{"loc":{"start":{"line":77,"column":4},"end":{"line":83,"column":5}},"type":"if","locations":[{"start":{"line":77,"column":4},"end":{"line":83,"column":5}},{"start":{},"end":{}}],"line":77},"12":{"loc":{"start":{"line":121,"column":4},"end":{"line":123,"column":5}},"type":"if","locations":[{"start":{"line":121,"column":4},"end":{"line":123,"column":5}},{"start":{},"end":{}}],"line":121},"13":{"loc":{"start":{"line":142,"column":4},"end":{"line":144,"column":5}},"type":"if","locations":[{"start":{"line":142,"column":4},"end":{"line":144,"column":5}},{"start":{},"end":{}}],"line":142},"14":{"loc":{"start":{"line":147,"column":4},"end":{"line":157,"column":5}},"type":"if","locations":[{"start":{"line":147,"column":4},"end":{"line":157,"column":5}},{"start":{},"end":{}}],"line":147},"15":{"loc":{"start":{"line":147,"column":8},"end":{"line":147,"column":53}},"type":"binary-expr","locations":[{"start":{"line":147,"column":8},"end":{"line":147,"column":13}},{"start":{"line":147,"column":17},"end":{"line":147,"column":53}}],"line":147},"16":{"loc":{"start":{"line":151,"column":6},"end":{"line":155,"column":7}},"type":"if","locations":[{"start":{"line":151,"column":6},"end":{"line":155,"column":7}},{"start":{},"end":{}}],"line":151},"17":{"loc":{"start":{"line":160,"column":4},"end":{"line":168,"column":5}},"type":"if","locations":[{"start":{"line":160,"column":4},"end":{"line":168,"column":5}},{"start":{},"end":{}}],"line":160},"18":{"loc":{"start":{"line":160,"column":8},"end":{"line":160,"column":39}},"type":"binary-expr","locations":[{"start":{"line":160,"column":8},"end":{"line":160,"column":13}},{"start":{"line":160,"column":17},"end":{"line":160,"column":39}}],"line":160},"19":{"loc":{"start":{"line":162,"column":6},"end":{"line":166,"column":7}},"type":"if","locations":[{"start":{"line":162,"column":6},"end":{"line":166,"column":7}},{"start":{},"end":{}}],"line":162},"20":{"loc":{"start":{"line":171,"column":4},"end":{"line":171,"column":33}},"type":"if","locations":[{"start":{"line":171,"column":4},"end":{"line":171,"column":33}},{"start":{},"end":{}}],"line":171},"21":{"loc":{"start":{"line":172,"column":4},"end":{"line":172,"column":50}},"type":"if","locations":[{"start":{"line":172,"column":4},"end":{"line":172,"column":50}},{"start":{},"end":{}}],"line":172},"22":{"loc":{"start":{"line":173,"column":4},"end":{"line":173,"column":62}},"type":"if","locations":[{"start":{"line":173,"column":4},"end":{"line":173,"column":62}},{"start":{},"end":{}}],"line":173},"23":{"loc":{"start":{"line":174,"column":4},"end":{"line":176,"column":5}},"type":"if","locations":[{"start":{"line":174,"column":4},"end":{"line":176,"column":5}},{"start":{},"end":{}}],"line":174},"24":{"loc":{"start":{"line":174,"column":8},"end":{"line":174,"column":57}},"type":"binary-expr","locations":[{"start":{"line":174,"column":8},"end":{"line":174,"column":14}},{"start":{"line":174,"column":18},"end":{"line":174,"column":57}}],"line":174},"25":{"loc":{"start":{"line":177,"column":4},"end":{"line":179,"column":5}},"type":"if","locations":[{"start":{"line":177,"column":4},"end":{"line":179,"column":5}},{"start":{},"end":{}}],"line":177},"26":{"loc":{"start":{"line":208,"column":4},"end":{"line":210,"column":5}},"type":"if","locations":[{"start":{"line":208,"column":4},"end":{"line":210,"column":5}},{"start":{},"end":{}}],"line":208},"27":{"loc":{"start":{"line":235,"column":4},"end":{"line":237,"column":5}},"type":"if","locations":[{"start":{"line":235,"column":4},"end":{"line":237,"column":5}},{"start":{},"end":{}}],"line":235},"28":{"loc":{"start":{"line":254,"column":45},"end":{"line":254,"column":66}},"type":"default-arg","locations":[{"start":{"line":254,"column":54},"end":{"line":254,"column":66}}],"line":254},"29":{"loc":{"start":{"line":258,"column":4},"end":{"line":260,"column":5}},"type":"if","locations":[{"start":{"line":258,"column":4},"end":{"line":260,"column":5}},{"start":{},"end":{}}],"line":258},"30":{"loc":{"start":{"line":262,"column":4},"end":{"line":264,"column":5}},"type":"if","locations":[{"start":{"line":262,"column":4},"end":{"line":264,"column":5}},{"start":{},"end":{}}],"line":262},"31":{"loc":{"start":{"line":266,"column":4},"end":{"line":271,"column":5}},"type":"if","locations":[{"start":{"line":266,"column":4},"end":{"line":271,"column":5}},{"start":{},"end":{}}],"line":266},"32":{"loc":{"start":{"line":274,"column":4},"end":{"line":280,"column":5}},"type":"if","locations":[{"start":{"line":274,"column":4},"end":{"line":280,"column":5}},{"start":{},"end":{}}],"line":274}},"s":{"0":2,"1":6,"2":6,"3":6,"4":2,"5":4,"6":3,"7":1,"8":2,"9":2,"10":0,"11":2,"12":2,"13":2,"14":1,"15":2,"16":6,"17":6,"18":6,"19":6,"20":6,"21":2,"22":6,"23":1,"24":6,"25":5,"26":5,"27":1,"28":2,"29":5,"30":5,"31":4,"32":2,"33":2,"34":1,"35":2,"36":5,"37":5,"38":5,"39":4,"40":2,"41":2,"42":1,"43":1,"44":0,"45":1,"46":2,"47":0,"48":0,"49":0,"50":0,"51":2,"52":2,"53":2,"54":0,"55":2,"56":0,"57":2,"58":0,"59":2,"60":0,"61":2,"62":2,"63":2,"64":2,"65":2,"66":1,"67":2,"68":5,"69":5,"70":4,"71":2,"72":2,"73":2,"74":2,"75":2,"76":1,"77":2,"78":5,"79":5,"80":4,"81":2,"82":2,"83":1,"84":2,"85":4,"86":4,"87":4,"88":4,"89":0,"90":4,"91":2,"92":4,"93":2,"94":4,"95":2,"96":4,"97":3,"98":1},"f":{"0":6,"1":6,"2":5,"3":5,"4":5,"5":5,"6":4},"b":{"0":[2,4],"1":[6,6,4],"2":[1,2],"3":[0,2],"4":[2,2],"5":[2,2],"6":[4],"7":[4],"8":[6],"9":[2,4],"10":[6,2],"11":[1,5],"12":[2,2],"13":[2,2],"14":[1,1],"15":[2,1],"16":[0,1],"17":[0,2],"18":[2,0],"19":[0,0],"20":[2,0],"21":[0,2],"22":[0,2],"23":[0,2],"24":[2,0],"25":[0,2],"26":[2,2],"27":[2,2],"28":[4],"29":[0,4],"30":[2,2],"31":[2,2],"32":[2,2]},"inputSourceMap":null,"_coverageSchema":"1a1c01bbd47fc00a2c39e90264f33305004495a9","hash":"8a6fe94c699a062e0db32921f969e35eb505a65e"}
,"D:\\studyTekup\\node\\recouvra-plus-api\\src\\controllers\\user.controller.js": {"path":"D:\\studyTekup\\node\\recouvra-plus-api\\src\\controllers\\user.controller.js","statementMap":{"0":{"start":{"line":3,"column":24},"end":{"line":10,"column":1}},"1":{"start":{"line":4,"column":2},"end":{"line":9,"column":3}},"2":{"start":{"line":5,"column":18},"end":{"line":5,"column":55}},"3":{"start":{"line":6,"column":4},"end":{"line":6,"column":43}},"4":{"start":{"line":8,"column":4},"end":{"line":8,"column":16}},"5":{"start":{"line":12,"column":27},"end":{"line":24,"column":1}},"6":{"start":{"line":13,"column":2},"end":{"line":23,"column":3}},"7":{"start":{"line":14,"column":17},"end":{"line":14,"column":71}},"8":{"start":{"line":16,"column":4},"end":{"line":18,"column":5}},"9":{"start":{"line":17,"column":6},"end":{"line":17,"column":65}},"10":{"start":{"line":20,"column":4},"end":{"line":20,"column":42}},"11":{"start":{"line":22,"column":4},"end":{"line":22,"column":16}},"12":{"start":{"line":26,"column":33},"end":{"line":62,"column":1}},"13":{"start":{"line":27,"column":2},"end":{"line":61,"column":3}},"14":{"start":{"line":28,"column":28},"end":{"line":28,"column":36}},"15":{"start":{"line":30,"column":17},"end":{"line":30,"column":50}},"16":{"start":{"line":32,"column":4},"end":{"line":34,"column":5}},"17":{"start":{"line":33,"column":6},"end":{"line":33,"column":65}},"18":{"start":{"line":36,"column":4},"end":{"line":42,"column":5}},"19":{"start":{"line":37,"column":27},"end":{"line":37,"column":77}},"20":{"start":{"line":38,"column":6},"end":{"line":40,"column":7}},"21":{"start":{"line":39,"column":8},"end":{"line":39,"column":73}},"22":{"start":{"line":41,"column":6},"end":{"line":41,"column":25}},"23":{"start":{"line":44,"column":4},"end":{"line":46,"column":5}},"24":{"start":{"line":45,"column":6},"end":{"line":45,"column":23}},"25":{"start":{"line":48,"column":4},"end":{"line":48,"column":22}},"26":{"start":{"line":50,"column":4},"end":{"line":58,"column":7}},"27":{"start":{"line":60,"column":4},"end":{"line":60,"column":16}},"28":{"start":{"line":64,"column":30},"end":{"line":93,"column":1}},"29":{"start":{"line":65,"column":2},"end":{"line":92,"column":3}},"30":{"start":{"line":66,"column":21},"end":{"line":66,"column":29}},"31":{"start":{"line":68,"column":4},"end":{"line":70,"column":5}},"32":{"start":{"line":69,"column":6},"end":{"line":69,"column":94}},"33":{"start":{"line":72,"column":17},"end":{"line":72,"column":51}},"34":{"start":{"line":74,"column":4},"end":{"line":76,"column":5}},"35":{"start":{"line":75,"column":6},"end":{"line":75,"column":65}},"36":{"start":{"line":78,"column":4},"end":{"line":78,"column":21}},"37":{"start":{"line":79,"column":4},"end":{"line":79,"column":22}},"38":{"start":{"line":81,"column":4},"end":{"line":89,"column":7}},"39":{"start":{"line":91,"column":4},"end":{"line":91,"column":16}},"40":{"start":{"line":95,"column":26},"end":{"line":109,"column":1}},"41":{"start":{"line":96,"column":2},"end":{"line":108,"column":3}},"42":{"start":{"line":97,"column":17},"end":{"line":97,"column":51}},"43":{"start":{"line":99,"column":4},"end":{"line":101,"column":5}},"44":{"start":{"line":100,"column":6},"end":{"line":100,"column":65}},"45":{"start":{"line":103,"column":4},"end":{"line":103,"column":27}},"46":{"start":{"line":105,"column":4},"end":{"line":105,"column":74}},"47":{"start":{"line":107,"column":4},"end":{"line":107,"column":16}}},"fnMap":{"0":{"name":"(anonymous_0)","decl":{"start":{"line":3,"column":24},"end":{"line":3,"column":25}},"loc":{"start":{"line":3,"column":50},"end":{"line":10,"column":1}},"line":3},"1":{"name":"(anonymous_1)","decl":{"start":{"line":12,"column":27},"end":{"line":12,"column":28}},"loc":{"start":{"line":12,"column":53},"end":{"line":24,"column":1}},"line":12},"2":{"name":"(anonymous_2)","decl":{"start":{"line":26,"column":33},"end":{"line":26,"column":34}},"loc":{"start":{"line":26,"column":59},"end":{"line":62,"column":1}},"line":26},"3":{"name":"(anonymous_3)","decl":{"start":{"line":64,"column":30},"end":{"line":64,"column":31}},"loc":{"start":{"line":64,"column":56},"end":{"line":93,"column":1}},"line":64},"4":{"name":"(anonymous_4)","decl":{"start":{"line":95,"column":26},"end":{"line":95,"column":27}},"loc":{"start":{"line":95,"column":52},"end":{"line":109,"column":1}},"line":95}},"branchMap":{"0":{"loc":{"start":{"line":16,"column":4},"end":{"line":18,"column":5}},"type":"if","locations":[{"start":{"line":16,"column":4},"end":{"line":18,"column":5}},{"start":{},"end":{}}],"line":16},"1":{"loc":{"start":{"line":32,"column":4},"end":{"line":34,"column":5}},"type":"if","locations":[{"start":{"line":32,"column":4},"end":{"line":34,"column":5}},{"start":{},"end":{}}],"line":32},"2":{"loc":{"start":{"line":36,"column":4},"end":{"line":42,"column":5}},"type":"if","locations":[{"start":{"line":36,"column":4},"end":{"line":42,"column":5}},{"start":{},"end":{}}],"line":36},"3":{"loc":{"start":{"line":36,"column":8},"end":{"line":36,"column":37}},"type":"binary-expr","locations":[{"start":{"line":36,"column":8},"end":{"line":36,"column":13}},{"start":{"line":36,"column":17},"end":{"line":36,"column":37}}],"line":36},"4":{"loc":{"start":{"line":38,"column":6},"end":{"line":40,"column":7}},"type":"if","locations":[{"start":{"line":38,"column":6},"end":{"line":40,"column":7}},{"start":{},"end":{}}],"line":38},"5":{"loc":{"start":{"line":44,"column":4},"end":{"line":46,"column":5}},"type":"if","locations":[{"start":{"line":44,"column":4},"end":{"line":46,"column":5}},{"start":{},"end":{}}],"line":44},"6":{"loc":{"start":{"line":68,"column":4},"end":{"line":70,"column":5}},"type":"if","locations":[{"start":{"line":68,"column":4},"end":{"line":70,"column":5}},{"start":{},"end":{}}],"line":68},"7":{"loc":{"start":{"line":68,"column":8},"end":{"line":68,"column":62}},"type":"binary-expr","locations":[{"start":{"line":68,"column":8},"end":{"line":68,"column":13}},{"start":{"line":68,"column":17},"end":{"line":68,"column":62}}],"line":68},"8":{"loc":{"start":{"line":74,"column":4},"end":{"line":76,"column":5}},"type":"if","locations":[{"start":{"line":74,"column":4},"end":{"line":76,"column":5}},{"start":{},"end":{}}],"line":74},"9":{"loc":{"start":{"line":99,"column":4},"end":{"line":101,"column":5}},"type":"if","locations":[{"start":{"line":99,"column":4},"end":{"line":101,"column":5}},{"start":{},"end":{}}],"line":99}},"s":{"0":2,"1":5,"2":5,"3":4,"4":1,"5":2,"6":5,"7":5,"8":4,"9":2,"10":2,"11":1,"12":2,"13":7,"14":7,"15":7,"16":6,"17":1,"18":5,"19":3,"20":3,"21":2,"22":1,"23":3,"24":2,"25":3,"26":3,"27":1,"28":2,"29":14,"30":14,"31":14,"32":4,"33":10,"34":10,"35":2,"36":8,"37":8,"38":8,"39":0,"40":2,"41":7,"42":7,"43":6,"44":2,"45":4,"46":4,"47":1},"f":{"0":5,"1":5,"2":7,"3":14,"4":7},"b":{"0":[2,2],"1":[1,5],"2":[3,2],"3":[5,3],"4":[2,1],"5":[2,1],"6":[4,10],"7":[14,12],"8":[2,8],"9":[2,4]},"inputSourceMap":null,"_coverageSchema":"1a1c01bbd47fc00a2c39e90264f33305004495a9","hash":"5a0881a6f7d08a5bc2465e3827c1addffc7213ad"}
,"D:\\studyTekup\\node\\recouvra-plus-api\\src\\middlewares\\auth.middleware.js": {"path":"D:\\studyTekup\\node\\recouvra-plus-api\\src\\middlewares\\auth.middleware.js","statementMap":{"0":{"start":{"line":4,"column":23},"end":{"line":26,"column":1}},"1":{"start":{"line":5,"column":2},"end":{"line":25,"column":3}},"2":{"start":{"line":6,"column":23},"end":{"line":6,"column":48}},"3":{"start":{"line":8,"column":4},"end":{"line":10,"column":5}},"4":{"start":{"line":9,"column":6},"end":{"line":9,"column":80}},"5":{"start":{"line":12,"column":18},"end":{"line":12,"column":42}},"6":{"start":{"line":13,"column":20},"end":{"line":13,"column":61}},"7":{"start":{"line":15,"column":17},"end":{"line":15,"column":68}},"8":{"start":{"line":17,"column":4},"end":{"line":19,"column":5}},"9":{"start":{"line":18,"column":6},"end":{"line":18,"column":81}},"10":{"start":{"line":21,"column":4},"end":{"line":21,"column":20}},"11":{"start":{"line":22,"column":4},"end":{"line":22,"column":11}},"12":{"start":{"line":24,"column":4},"end":{"line":24,"column":78}}},"fnMap":{"0":{"name":"(anonymous_0)","decl":{"start":{"line":4,"column":23},"end":{"line":4,"column":24}},"loc":{"start":{"line":4,"column":49},"end":{"line":26,"column":1}},"line":4}},"branchMap":{"0":{"loc":{"start":{"line":8,"column":4},"end":{"line":10,"column":5}},"type":"if","locations":[{"start":{"line":8,"column":4},"end":{"line":10,"column":5}},{"start":{},"end":{}}],"line":8},"1":{"loc":{"start":{"line":8,"column":8},"end":{"line":8,"column":56}},"type":"binary-expr","locations":[{"start":{"line":8,"column":8},"end":{"line":8,"column":19}},{"start":{"line":8,"column":23},"end":{"line":8,"column":56}}],"line":8},"2":{"loc":{"start":{"line":17,"column":4},"end":{"line":19,"column":5}},"type":"if","locations":[{"start":{"line":17,"column":4},"end":{"line":19,"column":5}},{"start":{},"end":{}}],"line":17}},"s":{"0":0,"1":0,"2":0,"3":0,"4":0,"5":0,"6":0,"7":0,"8":0,"9":0,"10":0,"11":0,"12":0},"f":{"0":0},"b":{"0":[0,0],"1":[0,0],"2":[0,0]},"inputSourceMap":null}
,"D:\\studyTekup\\node\\recouvra-plus-api\\src\\middlewares\\error.middleware.js": {"path":"D:\\studyTekup\\node\\recouvra-plus-api\\src\\middlewares\\error.middleware.js","statementMap":{"0":{"start":{"line":1,"column":24},"end":{"line":5,"column":1}},"1":{"start":{"line":2,"column":16},"end":{"line":2,"column":64}},"2":{"start":{"line":3,"column":2},"end":{"line":3,"column":25}},"3":{"start":{"line":4,"column":2},"end":{"line":4,"column":14}},"4":{"start":{"line":7,"column":28},"end":{"line":14,"column":1}},"5":{"start":{"line":8,"column":21},"end":{"line":8,"column":42}},"6":{"start":{"line":10,"column":2},"end":{"line":13,"column":5}}},"fnMap":{"0":{"name":"(anonymous_0)","decl":{"start":{"line":1,"column":24},"end":{"line":1,"column":25}},"loc":{"start":{"line":1,"column":44},"end":{"line":5,"column":1}},"line":1},"1":{"name":"(anonymous_1)","decl":{"start":{"line":7,"column":28},"end":{"line":7,"column":29}},"loc":{"start":{"line":7,"column":53},"end":{"line":14,"column":1}},"line":7}},"branchMap":{"0":{"loc":{"start":{"line":8,"column":21},"end":{"line":8,"column":42}},"type":"binary-expr","locations":[{"start":{"line":8,"column":21},"end":{"line":8,"column":35}},{"start":{"line":8,"column":39},"end":{"line":8,"column":42}}],"line":8},"1":{"loc":{"start":{"line":11,"column":13},"end":{"line":11,"column":51}},"type":"binary-expr","locations":[{"start":{"line":11,"column":13},"end":{"line":11,"column":24}},{"start":{"line":11,"column":28},"end":{"line":11,"column":51}}],"line":11},"2":{"loc":{"start":{"line":12,"column":11},"end":{"line":12,"column":72}},"type":"cond-expr","locations":[{"start":{"line":12,"column":51},"end":{"line":12,"column":60}},{"start":{"line":12,"column":63},"end":{"line":12,"column":72}}],"line":12}},"s":{"0":0,"1":0,"2":0,"3":0,"4":0,"5":0,"6":0},"f":{"0":0,"1":0},"b":{"0":[0,0],"1":[0,0],"2":[0,0]},"inputSourceMap":null}
,"D:\\studyTekup\\node\\recouvra-plus-api\\src\\middlewares\\role.middleware.js": {"path":"D:\\studyTekup\\node\\recouvra-plus-api\\src\\middlewares\\role.middleware.js","statementMap":{"0":{"start":{"line":1,"column":30},"end":{"line":9,"column":1}},"1":{"start":{"line":2,"column":2},"end":{"line":8,"column":4}},"2":{"start":{"line":3,"column":4},"end":{"line":5,"column":5}},"3":{"start":{"line":4,"column":6},"end":{"line":4,"column":86}},"4":{"start":{"line":7,"column":4},"end":{"line":7,"column":11}}},"fnMap":{"0":{"name":"(anonymous_0)","decl":{"start":{"line":1,"column":30},"end":{"line":1,"column":31}},"loc":{"start":{"line":1,"column":44},"end":{"line":9,"column":1}},"line":1},"1":{"name":"(anonymous_1)","decl":{"start":{"line":2,"column":9},"end":{"line":2,"column":10}},"loc":{"start":{"line":2,"column":29},"end":{"line":8,"column":3}},"line":2}},"branchMap":{"0":{"loc":{"start":{"line":3,"column":4},"end":{"line":5,"column":5}},"type":"if","locations":[{"start":{"line":3,"column":4},"end":{"line":5,"column":5}},{"start":{},"end":{}}],"line":3},"1":{"loc":{"start":{"line":3,"column":8},"end":{"line":3,"column":51}},"type":"binary-expr","locations":[{"start":{"line":3,"column":8},"end":{"line":3,"column":17}},{"start":{"line":3,"column":21},"end":{"line":3,"column":51}}],"line":3}},"s":{"0":0,"1":0,"2":0,"3":0,"4":0},"f":{"0":0,"1":0},"b":{"0":[0,0],"1":[0,0]},"inputSourceMap":null}
,"D:\\studyTekup\\node\\recouvra-plus-api\\src\\models\\client.model.js": {"path":"D:\\studyTekup\\node\\recouvra-plus-api\\src\\models\\client.model.js","statementMap":{"0":{"start":{"line":3,"column":21},"end":{"line":79,"column":1}},"1":{"start":{"line":82,"column":0},"end":{"line":82,"column":67}},"2":{"start":{"line":84,"column":15},"end":{"line":84,"column":53}}},"fnMap":{},"branchMap":{},"s":{"0":3,"1":3,"2":3},"f":{},"b":{},"inputSourceMap":null,"_coverageSchema":"1a1c01bbd47fc00a2c39e90264f33305004495a9","hash":"f09df1253673a7624e33038406598400d1d89036"}
,"D:\\studyTekup\\node\\recouvra-plus-api\\src\\models\\user.model.js": {"path":"D:\\studyTekup\\node\\recouvra-plus-api\\src\\models\\user.model.js","statementMap":{"0":{"start":{"line":4,"column":19},"end":{"line":36,"column":1}},"1":{"start":{"line":38,"column":0},"end":{"line":43,"column":3}},"2":{"start":{"line":39,"column":1},"end":{"line":39,"column":42}},"3":{"start":{"line":39,"column":35},"end":{"line":39,"column":42}},"4":{"start":{"line":41,"column":20},"end":{"line":41,"column":22}},"5":{"start":{"line":42,"column":1},"end":{"line":42,"column":62}},"6":{"start":{"line":45,"column":0},"end":{"line":47,"column":2}},"7":{"start":{"line":46,"column":1},"end":{"line":46,"column":57}},"8":{"start":{"line":49,"column":13},"end":{"line":49,"column":47}}},"fnMap":{"0":{"name":"(anonymous_0)","decl":{"start":{"line":38,"column":23},"end":{"line":38,"column":24}},"loc":{"start":{"line":38,"column":41},"end":{"line":43,"column":1}},"line":38},"1":{"name":"(anonymous_1)","decl":{"start":{"line":45,"column":37},"end":{"line":45,"column":38}},"loc":{"start":{"line":45,"column":72},"end":{"line":47,"column":1}},"line":45}},"branchMap":{"0":{"loc":{"start":{"line":39,"column":1},"end":{"line":39,"column":42}},"type":"if","locations":[{"start":{"line":39,"column":1},"end":{"line":39,"column":42}},{"start":{},"end":{}}],"line":39}},"s":{"0":5,"1":5,"2":0,"3":0,"4":0,"5":0,"6":5,"7":0,"8":5},"f":{"0":0,"1":0},"b":{"0":[0,0]},"inputSourceMap":null,"_coverageSchema":"1a1c01bbd47fc00a2c39e90264f33305004495a9","hash":"51023e92581d93487c75065634d394dc1cfc3ff7"}
,"D:\\studyTekup\\node\\recouvra-plus-api\\src\\routes\\auth.routes.js": {"path":"D:\\studyTekup\\node\\recouvra-plus-api\\src\\routes\\auth.routes.js","statementMap":{"0":{"start":{"line":9,"column":15},"end":{"line":9,"column":31}},"1":{"start":{"line":29,"column":0},"end":{"line":29,"column":35}},"2":{"start":{"line":49,"column":0},"end":{"line":49,"column":29}},"3":{"start":{"line":66,"column":0},"end":{"line":66,"column":43}}},"fnMap":{},"branchMap":{},"s":{"0":0,"1":0,"2":0,"3":0},"f":{},"b":{},"inputSourceMap":null}
,"D:\\studyTekup\\node\\recouvra-plus-api\\src\\routes\\client.routes.js": {"path":"D:\\studyTekup\\node\\recouvra-plus-api\\src\\routes\\client.routes.js","statementMap":{"0":{"start":{"line":14,"column":15},"end":{"line":14,"column":31}},"1":{"start":{"line":72,"column":0},"end":{"line":77,"column":2}},"2":{"start":{"line":122,"column":0},"end":{"line":122,"column":82}},"3":{"start":{"line":164,"column":0},"end":{"line":169,"column":2}},"4":{"start":{"line":195,"column":0},"end":{"line":200,"column":2}},"5":{"start":{"line":250,"column":0},"end":{"line":255,"column":2}},"6":{"start":{"line":281,"column":0},"end":{"line":286,"column":2}},"7":{"start":{"line":312,"column":0},"end":{"line":317,"column":2}}},"fnMap":{},"branchMap":{},"s":{"0":1,"1":1,"2":1,"3":1,"4":1,"5":1,"6":1,"7":1},"f":{},"b":{},"inputSourceMap":null,"_coverageSchema":"1a1c01bbd47fc00a2c39e90264f33305004495a9","hash":"7b553565901f8da9c60091ad655f3cbbdd1452d3"}
,"D:\\studyTekup\\node\\recouvra-plus-api\\src\\routes\\user.routes.js": {"path":"D:\\studyTekup\\node\\recouvra-plus-api\\src\\routes\\user.routes.js","statementMap":{"0":{"start":{"line":12,"column":15},"end":{"line":12,"column":31}},"1":{"start":{"line":34,"column":0},"end":{"line":34,"column":46}},"2":{"start":{"line":52,"column":0},"end":{"line":52,"column":71}},"3":{"start":{"line":78,"column":0},"end":{"line":78,"column":77}},"4":{"start":{"line":110,"column":0},"end":{"line":110,"column":85}},"5":{"start":{"line":136,"column":0},"end":{"line":136,"column":68}}},"fnMap":{},"branchMap":{},"s":{"0":1,"1":1,"2":1,"3":1,"4":1,"5":1},"f":{},"b":{},"inputSourceMap":null,"_coverageSchema":"1a1c01bbd47fc00a2c39e90264f33305004495a9","hash":"71904a182e13e4b8231c54cb62fcc4c776dd6783"}
,"D:\\studyTekup\\node\\recouvra-plus-api\\src\\utils\\generateToken.js": {"path":"D:\\studyTekup\\node\\recouvra-plus-api\\src\\utils\\generateToken.js","statementMap":{"0":{"start":{"line":3,"column":22},"end":{"line":14,"column":1}},"1":{"start":{"line":4,"column":18},"end":{"line":7,"column":3}},"2":{"start":{"line":11,"column":2},"end":{"line":13,"column":5}}},"fnMap":{"0":{"name":"(anonymous_0)","decl":{"start":{"line":3,"column":22},"end":{"line":3,"column":23}},"loc":{"start":{"line":3,"column":32},"end":{"line":14,"column":1}},"line":3}},"branchMap":{"0":{"loc":{"start":{"line":12,"column":15},"end":{"line":12,"column":49}},"type":"binary-expr","locations":[{"start":{"line":12,"column":15},"end":{"line":12,"column":41}},{"start":{"line":12,"column":45},"end":{"line":12,"column":49}}],"line":12}},"s":{"0":0,"1":0,"2":0},"f":{"0":0},"b":{"0":[0,0]},"inputSourceMap":null}
}
