TN:
SF:src\app.js
FN:33,(anonymous_0)
FNF:1
FNH:0
FNDA:0,(anonymous_0)
DA:10,0
DA:12,0
DA:15,0
DA:16,0
DA:18,0
DA:27,0
DA:28,0
DA:29,0
DA:33,0
DA:34,0
DA:37,0
DA:38,0
LF:12
LH:0
BRF:0
BRH:0
end_of_record
TN:
SF:src\controllers\auth.controller.js
FN:4,(anonymous_0)
FN:44,(anonymous_1)
FN:83,(anonymous_2)
FNF:3
FNH:0
FNDA:0,(anonymous_0)
FNDA:0,(anonymous_1)
FNDA:0,(anonymous_2)
DA:4,0
DA:5,0
DA:6,0
DA:8,0
DA:9,0
DA:14,0
DA:16,0
DA:17,0
DA:20,0
DA:27,0
DA:29,0
DA:40,0
DA:44,0
DA:45,0
DA:46,0
DA:48,0
DA:49,0
DA:52,0
DA:56,0
DA:57,0
DA:60,0
DA:62,0
DA:63,0
DA:66,0
DA:68,0
DA:79,0
DA:83,0
DA:84,0
DA:85,0
DA:89,0
LF:30
LH:0
BRDA:8,0,0,0
BRDA:8,0,1,0
BRDA:8,1,0,0
BRDA:8,1,1,0
BRDA:8,1,2,0
BRDA:8,1,3,0
BRDA:16,2,0,0
BRDA:16,2,1,0
BRDA:48,3,0,0
BRDA:48,3,1,0
BRDA:48,4,0,0
BRDA:48,4,1,0
BRDA:56,5,0,0
BRDA:56,5,1,0
BRDA:62,6,0,0
BRDA:62,6,1,0
BRF:16
BRH:0
end_of_record
TN:
SF:src\controllers\client.controller.js
FN:9,(anonymous_0)
FN:63,(anonymous_1)
FN:114,(anonymous_2)
FN:136,(anonymous_3)
FN:204,(anonymous_4)
FN:231,(anonymous_5)
FN:252,(anonymous_6)
FNF:7
FNH:7
FNDA:6,(anonymous_0)
FNDA:6,(anonymous_1)
FNDA:5,(anonymous_2)
FNDA:5,(anonymous_3)
FNDA:5,(anonymous_4)
FNDA:5,(anonymous_5)
FNDA:4,(anonymous_6)
DA:9,2
DA:10,6
DA:11,6
DA:14,6
DA:15,2
DA:21,4
DA:22,3
DA:23,1
DA:29,2
DA:30,2
DA:31,0
DA:36,2
DA:47,2
DA:49,2
DA:54,1
DA:63,2
DA:64,6
DA:66,6
DA:67,6
DA:69,6
DA:72,6
DA:73,2
DA:77,6
DA:78,1
DA:86,6
DA:88,5
DA:95,5
DA:105,1
DA:114,2
DA:115,5
DA:116,5
DA:121,4
DA:122,2
DA:125,2
DA:127,1
DA:136,2
DA:137,5
DA:138,5
DA:140,5
DA:142,4
DA:143,2
DA:147,2
DA:148,1
DA:151,1
DA:152,0
DA:156,1
DA:160,2
DA:161,0
DA:162,0
DA:163,0
DA:167,0
DA:171,2
DA:172,2
DA:173,2
DA:174,2
DA:175,0
DA:177,2
DA:178,0
DA:182,2
DA:184,2
DA:187,2
DA:188,2
DA:190,2
DA:195,1
DA:204,2
DA:205,5
DA:206,5
DA:208,4
DA:209,2
DA:213,2
DA:214,2
DA:215,2
DA:217,2
DA:222,1
DA:231,2
DA:232,5
DA:233,5
DA:235,4
DA:236,2
DA:239,2
DA:243,1
DA:252,2
DA:253,4
DA:254,4
DA:256,4
DA:258,4
DA:259,0
DA:262,4
DA:263,2
DA:266,4
DA:267,2
DA:274,4
DA:275,2
DA:282,4
DA:287,3
DA:292,1
LF:96
LH:87
BRDA:14,0,0,2
BRDA:14,0,1,4
BRDA:14,1,0,6
BRDA:14,1,1,6
BRDA:14,1,2,4
BRDA:22,2,0,1
BRDA:22,2,1,2
BRDA:30,3,0,0
BRDA:30,3,1,2
BRDA:40,4,0,2
BRDA:40,4,1,2
BRDA:42,5,0,2
BRDA:42,5,1,2
BRDA:65,6,0,4
BRDA:65,7,0,4
BRDA:65,8,0,6
BRDA:72,9,0,2
BRDA:72,9,1,4
BRDA:72,10,0,6
BRDA:72,10,1,2
BRDA:77,11,0,1
BRDA:77,11,1,5
BRDA:121,12,0,2
BRDA:121,12,1,2
BRDA:142,13,0,2
BRDA:142,13,1,2
BRDA:147,14,0,1
BRDA:147,14,1,1
BRDA:147,15,0,2
BRDA:147,15,1,1
BRDA:151,16,0,0
BRDA:151,16,1,1
BRDA:160,17,0,0
BRDA:160,17,1,2
BRDA:160,18,0,2
BRDA:160,18,1,0
BRDA:162,19,0,0
BRDA:162,19,1,0
BRDA:171,20,0,2
BRDA:171,20,1,0
BRDA:172,21,0,0
BRDA:172,21,1,2
BRDA:173,22,0,0
BRDA:173,22,1,2
BRDA:174,23,0,0
BRDA:174,23,1,2
BRDA:174,24,0,2
BRDA:174,24,1,0
BRDA:177,25,0,0
BRDA:177,25,1,2
BRDA:208,26,0,2
BRDA:208,26,1,2
BRDA:235,27,0,2
BRDA:235,27,1,2
BRDA:254,28,0,4
BRDA:258,29,0,0
BRDA:258,29,1,4
BRDA:262,30,0,2
BRDA:262,30,1,2
BRDA:266,31,0,2
BRDA:266,31,1,2
BRDA:274,32,0,2
BRDA:274,32,1,2
BRF:63
BRH:50
end_of_record
TN:
SF:src\controllers\user.controller.js
FN:3,(anonymous_0)
FN:12,(anonymous_1)
FN:26,(anonymous_2)
FN:64,(anonymous_3)
FN:95,(anonymous_4)
FNF:5
FNH:5
FNDA:5,(anonymous_0)
FNDA:5,(anonymous_1)
FNDA:7,(anonymous_2)
FNDA:14,(anonymous_3)
FNDA:7,(anonymous_4)
DA:3,2
DA:4,5
DA:5,5
DA:6,4
DA:8,1
DA:12,2
DA:13,5
DA:14,5
DA:16,4
DA:17,2
DA:20,2
DA:22,1
DA:26,2
DA:27,7
DA:28,7
DA:30,7
DA:32,6
DA:33,1
DA:36,5
DA:37,3
DA:38,3
DA:39,2
DA:41,1
DA:44,3
DA:45,2
DA:48,3
DA:50,3
DA:60,1
DA:64,2
DA:65,14
DA:66,14
DA:68,14
DA:69,4
DA:72,10
DA:74,10
DA:75,2
DA:78,8
DA:79,8
DA:81,8
DA:91,0
DA:95,2
DA:96,7
DA:97,7
DA:99,6
DA:100,2
DA:103,4
DA:105,4
DA:107,1
LF:48
LH:47
BRDA:16,0,0,2
BRDA:16,0,1,2
BRDA:32,1,0,1
BRDA:32,1,1,5
BRDA:36,2,0,3
BRDA:36,2,1,2
BRDA:36,3,0,5
BRDA:36,3,1,3
BRDA:38,4,0,2
BRDA:38,4,1,1
BRDA:44,5,0,2
BRDA:44,5,1,1
BRDA:68,6,0,4
BRDA:68,6,1,10
BRDA:68,7,0,14
BRDA:68,7,1,12
BRDA:74,8,0,2
BRDA:74,8,1,8
BRDA:99,9,0,2
BRDA:99,9,1,4
BRF:20
BRH:20
end_of_record
TN:
SF:src\middlewares\auth.middleware.js
FN:4,(anonymous_0)
FNF:1
FNH:0
FNDA:0,(anonymous_0)
DA:4,0
DA:5,0
DA:6,0
DA:8,0
DA:9,0
DA:12,0
DA:13,0
DA:15,0
DA:17,0
DA:18,0
DA:21,0
DA:22,0
DA:24,0
LF:13
LH:0
BRDA:8,0,0,0
BRDA:8,0,1,0
BRDA:8,1,0,0
BRDA:8,1,1,0
BRDA:17,2,0,0
BRDA:17,2,1,0
BRF:6
BRH:0
end_of_record
TN:
SF:src\middlewares\error.middleware.js
FN:1,(anonymous_0)
FN:7,(anonymous_1)
FNF:2
FNH:0
FNDA:0,(anonymous_0)
FNDA:0,(anonymous_1)
DA:1,0
DA:2,0
DA:3,0
DA:4,0
DA:7,0
DA:8,0
DA:10,0
LF:7
LH:0
BRDA:8,0,0,0
BRDA:8,0,1,0
BRDA:11,1,0,0
BRDA:11,1,1,0
BRDA:12,2,0,0
BRDA:12,2,1,0
BRF:6
BRH:0
end_of_record
TN:
SF:src\middlewares\role.middleware.js
FN:1,(anonymous_0)
FN:2,(anonymous_1)
FNF:2
FNH:0
FNDA:0,(anonymous_0)
FNDA:0,(anonymous_1)
DA:1,0
DA:2,0
DA:3,0
DA:4,0
DA:7,0
LF:5
LH:0
BRDA:3,0,0,0
BRDA:3,0,1,0
BRDA:3,1,0,0
BRDA:3,1,1,0
BRF:4
BRH:0
end_of_record
TN:
SF:src\models\client.model.js
FNF:0
FNH:0
DA:3,3
DA:82,3
DA:84,3
LF:3
LH:3
BRF:0
BRH:0
end_of_record
TN:
SF:src\models\user.model.js
FN:38,(anonymous_0)
FN:45,(anonymous_1)
FNF:2
FNH:0
FNDA:0,(anonymous_0)
FNDA:0,(anonymous_1)
DA:4,5
DA:38,5
DA:39,0
DA:41,0
DA:42,0
DA:45,5
DA:46,0
DA:49,5
LF:8
LH:4
BRDA:39,0,0,0
BRDA:39,0,1,0
BRF:2
BRH:0
end_of_record
TN:
SF:src\routes\auth.routes.js
FNF:0
FNH:0
DA:9,0
DA:29,0
DA:49,0
DA:66,0
LF:4
LH:0
BRF:0
BRH:0
end_of_record
TN:
SF:src\routes\client.routes.js
FNF:0
FNH:0
DA:14,1
DA:72,1
DA:122,1
DA:164,1
DA:195,1
DA:250,1
DA:281,1
DA:312,1
LF:8
LH:8
BRF:0
BRH:0
end_of_record
TN:
SF:src\routes\user.routes.js
FNF:0
FNH:0
DA:12,1
DA:34,1
DA:52,1
DA:78,1
DA:110,1
DA:136,1
LF:6
LH:6
BRF:0
BRH:0
end_of_record
TN:
SF:src\utils\generateToken.js
FN:3,(anonymous_0)
FNF:1
FNH:0
FNDA:0,(anonymous_0)
DA:3,0
DA:4,0
DA:11,0
LF:3
LH:0
BRDA:12,0,0,0
BRDA:12,0,1,0
BRF:2
BRH:0
end_of_record
